[    0.000000] Initializing cgroup subsys cpuset
[    0.000000] Initializing cgroup subsys cpu
[    0.000000] Initializing cgroup subsys cpuacct
[    0.000000] Linux version 4.4.0-104-generic (buildd@lgw01-amd64-022) (gcc version 5.4.0 20160609 (Ubuntu 5.4.0-6ubuntu1~16.04.5) ) #127-Ubuntu SMP Mon Dec 11 12:16:42 UTC 2017 (Ubuntu 4.4.0-104.127-generic 4.4.98)
[    0.000000] Command line: BOOT_IMAGE=/boot/vmlinuz-4.4.0-104-generic root=UUID=743b1402-d445-494c-af0b-749040bb33e4 ro console=tty1 console=ttyS0
[    0.000000] KERNEL supported cpus:
[    0.000000]   Intel GenuineIntel
[    0.000000]   AMD AuthenticAMD
[    0.000000]   Centaur CentaurHauls
[    0.000000] x86/fpu: xstate_offset[2]:  576, xstate_sizes[2]:  256
[    0.000000] x86/fpu: Supporting XSAVE feature 0x01: 'x87 floating point registers'
[    0.000000] x86/fpu: Supporting XSAVE feature 0x02: 'SSE registers'
[    0.000000] x86/fpu: Supporting XSAVE feature 0x04: 'AVX registers'
[    0.000000] x86/fpu: Enabled xstate features 0x7, context size is 832 bytes, using 'standard' format.
[    0.000000] x86/fpu: Using 'lazy' FPU context switches.
[    0.000000] e820: BIOS-provided physical RAM map:
[    0.000000] BIOS-e820: [mem 0x0000000000000000-0x000000000009fbff] usable
[    0.000000] BIOS-e820: [mem 0x000000000009fc00-0x000000000009ffff] reserved
[    0.000000] BIOS-e820: [mem 0x00000000000f0000-0x00000000000fffff] reserved
[    0.000000] BIOS-e820: [mem 0x0000000000100000-0x000000003ffeffff] usable
[    0.000000] BIOS-e820: [mem 0x000000003fff0000-0x000000003fffffff] ACPI data
[    0.000000] BIOS-e820: [mem 0x00000000fec00000-0x00000000fec00fff] reserved
[    0.000000] BIOS-e820: [mem 0x00000000fee00000-0x00000000fee00fff] reserved
[    0.000000] BIOS-e820: [mem 0x00000000fffc0000-0x00000000ffffffff] reserved
[    0.000000] NX (Execute Disable) protection: active
[    0.000000] SMBIOS 2.5 present.
[    0.000000] Hypervisor detected: KVM
[    0.000000] e820: last_pfn = 0x3fff0 max_arch_pfn = 0x400000000
[    0.000000] MTRR: Disabled
[    0.000000] x86/PAT: MTRRs disabled, skipping PAT initialization too.
[    0.000000] CPU MTRRs all blank - virtualized system.
[    0.000000] x86/PAT: Configuration [0-7]: WB  WT  UC- UC  WB  WT  UC- UC  
[    0.000000] found SMP MP-table at [mem 0x0009fff0-0x0009ffff] mapped at [ffff88000009fff0]
[    0.000000] Scanning 1 areas for low memory corruption
[    0.000000] RAMDISK: [mem 0x36232000-0x37110fff]
[    0.000000] ACPI: Early table checksum verification disabled
[    0.000000] ACPI: RSDP 0x00000000000E0000 000024 (v02 VBOX  )
[    0.000000] ACPI: XSDT 0x000000003FFF0030 00003C (v01 VBOX   VBOXXSDT 00000001 ASL  00000061)
[    0.000000] ACPI: FACP 0x000000003FFF00F0 0000F4 (v04 VBOX   VBOXFACP 00000001 ASL  00000061)
[    0.000000] ACPI: DSDT 0x000000003FFF0470 0021FF (v02 VBOX   VBOXBIOS 00000002 INTL 20100528)
[    0.000000] ACPI: FACS 0x000000003FFF0200 000040
[    0.000000] ACPI: FACS 0x000000003FFF0200 000040
[    0.000000] ACPI: APIC 0x000000003FFF0240 00005C (v02 VBOX   VBOXAPIC 00000001 ASL  00000061)
[    0.000000] ACPI: SSDT 0x000000003FFF02A0 0001CC (v01 VBOX   VBOXCPUT 00000002 INTL 20100528)
[    0.000000] No NUMA configuration found
[    0.000000] Faking a node at [mem 0x0000000000000000-0x000000003ffeffff]
[    0.000000] NODE_DATA(0) allocated [mem 0x3ffeb000-0x3ffeffff]
[    0.000000] kvm-clock: Using msrs 4b564d01 and 4b564d00
[    0.000000] kvm-clock: cpu 0, msr 0:3ffe3001, primary cpu clock
[    0.000000] kvm-clock: using sched offset of 3346376114 cycles
[    0.000000] clocksource: kvm-clock: mask: 0xffffffffffffffff max_cycles: 0x1cd42e4dffb, max_idle_ns: 881590591483 ns
[    0.000000] Zone ranges:
[    0.000000]   DMA      [mem 0x0000000000001000-0x0000000000ffffff]
[    0.000000]   DMA32    [mem 0x0000000001000000-0x000000003ffeffff]
[    0.000000]   Normal   empty
[    0.000000]   Device   empty
[    0.000000] Movable zone start for each node
[    0.000000] Early memory node ranges
[    0.000000]   node   0: [mem 0x0000000000001000-0x000000000009efff]
[    0.000000]   node   0: [mem 0x0000000000100000-0x000000003ffeffff]
[    0.000000] Initmem setup node 0 [mem 0x0000000000001000-0x000000003ffeffff]
[    0.000000] ACPI: PM-Timer IO Port: 0x4008
[    0.000000] IOAPIC[0]: apic_id 2, version 32, address 0xfec00000, GSI 0-23
[    0.000000] ACPI: INT_SRC_OVR (bus 0 bus_irq 0 global_irq 2 dfl dfl)
[    0.000000] ACPI: INT_SRC_OVR (bus 0 bus_irq 9 global_irq 9 high level)
[    0.000000] Using ACPI (MADT) for SMP configuration information
[    0.000000] smpboot: Allowing 2 CPUs, 0 hotplug CPUs
[    0.000000] PM: Registered nosave memory: [mem 0x00000000-0x00000fff]
[    0.000000] PM: Registered nosave memory: [mem 0x0009f000-0x0009ffff]
[    0.000000] PM: Registered nosave memory: [mem 0x000a0000-0x000effff]
[    0.000000] PM: Registered nosave memory: [mem 0x000f0000-0x000fffff]
[    0.000000] e820: [mem 0x40000000-0xfebfffff] available for PCI devices
[    0.000000] Booting paravirtualized kernel on KVM
[    0.000000] clocksource: refined-jiffies: mask: 0xffffffff max_cycles: 0xffffffff, max_idle_ns: 7645519600211568 ns
[    0.000000] setup_percpu: NR_CPUS:512 nr_cpumask_bits:512 nr_cpu_ids:2 nr_node_ids:1
[    0.000000] PERCPU: Embedded 33 pages/cpu @ffff88003fc00000 s98200 r8192 d28776 u1048576
[    0.000000] PV qspinlock hash table entries: 256 (order: 0, 4096 bytes)
[    0.000000] Built 1 zonelists in Node order, mobility grouping on.  Total pages: 257913
[    0.000000] Policy zone: DMA32
[    0.000000] Kernel command line: BOOT_IMAGE=/boot/vmlinuz-4.4.0-104-generic root=UUID=743b1402-d445-494c-af0b-749040bb33e4 ro console=tty1 console=ttyS0
[    0.000000] PID hash table entries: 4096 (order: 3, 32768 bytes)
[    0.000000] Memory: 997344K/1048120K available (8485K kernel code, 1295K rwdata, 3988K rodata, 1492K init, 1316K bss, 50776K reserved, 0K cma-reserved)
[    0.000000] SLUB: HWalign=64, Order=0-3, MinObjects=0, CPUs=2, Nodes=1
[    0.000000] Hierarchical RCU implementation.
[    0.000000] 	Build-time adjustment of leaf fanout to 64.
[    0.000000] 	RCU restricting CPUs from NR_CPUS=512 to nr_cpu_ids=2.
[    0.000000] RCU: Adjusting geometry for rcu_fanout_leaf=64, nr_cpu_ids=2
[    0.000000] NR_IRQS:33024 nr_irqs:440 16
[    0.000000] Console: colour VGA+ 80x25
[    0.000000] console [tty1] enabled
[    0.000000] console [ttyS0] enabled
[    0.000000] tsc: Detected 3392.298 MHz processor
[    4.627757] Calibrating delay loop (skipped) preset value.. 6784.59 BogoMIPS (lpj=13569192)
[    4.879771] pid_max: default: 32768 minimum: 301
[    5.031702] ACPI: Core revision 20150930
[    5.112602] ACPI: 2 ACPI AML tables successfully acquired and loaded
[    5.135859] Security Framework initialized
[    5.178208] Yama: becoming mindful.
[    5.278251] AppArmor: AppArmor initialized
[    5.402807] Dentry cache hash table entries: 131072 (order: 8, 1048576 bytes)
[    5.620986] Inode-cache hash table entries: 65536 (order: 7, 524288 bytes)
[    5.640202] Mount-cache hash table entries: 2048 (order: 2, 16384 bytes)
[    5.641220] Mountpoint-cache hash table entries: 2048 (order: 2, 16384 bytes)
[    5.761523] Initializing cgroup subsys io
[    5.856879] Initializing cgroup subsys memory
[    5.893650] Initializing cgroup subsys devices
[    5.894402] Initializing cgroup subsys freezer
[    5.895171] Initializing cgroup subsys net_cls
[    5.895940] Initializing cgroup subsys perf_event
[    5.896730] Initializing cgroup subsys net_prio
[    5.897508] Initializing cgroup subsys hugetlb
[    5.898246] Initializing cgroup subsys pids
[    5.899049] CPU: Physical Processor ID: 0
[    5.899751] CPU: Processor Core ID: 0
[    5.900715] mce: CPU supports 0 MCE banks
[    5.901436] Last level iTLB entries: 4KB 512, 2MB 8, 4MB 8
[    5.902314] Last level dTLB entries: 4KB 512, 2MB 32, 4MB 32, 1GB 0
[    5.910604] Freeing SMP alternatives memory: 32K
[    5.918749] ftrace: allocating 32158 entries in 126 pages
[    5.956379] smpboot: APIC(0) Converting physical 0 to logical package 0
[    6.157943] smpboot: Max logical packages: 1
[    6.174127] x2apic enabled
[    6.174868] Switched APIC routing to physical x2apic.
[    6.176697] ..TIMER: vector=0x30 apic1=0 pin1=2 apic2=-1 pin2=-1
[    6.303556] smpboot: CPU0: Intel(R) Core(TM) i7-3770 CPU @ 3.40GHz (family: 0x6, model: 0x3a, stepping: 0x9)
[    6.456114] Performance Events: unsupported p6 CPU model 58 no PMU driver, software events only.
[    6.457687] KVM setup paravirtual spinlock
[    6.465009] x86: Booting SMP configuration:
[    6.465738] .... node  #0, CPUs:      #1
[    6.466564] kvm-clock: cpu 1, msr 0:3ffe3041, secondary cpu clock
[    6.467570] mce: CPU supports 0 MCE banks
[    6.469993] x86: Booted up 1 node, 2 CPUs
[    6.587600] smpboot: Total of 2 processors activated (13569.19 BogoMIPS)
[    6.647148] devtmpfs: initialized
[    6.649349] evm: security.selinux
[    6.649980] evm: security.SMACK64
[    6.717937] evm: security.SMACK64EXEC
[    6.736679] evm: security.SMACK64TRANSMUTE
[    6.737392] evm: security.SMACK64MMAP
[    6.738103] evm: security.ima
[    6.738677] evm: security.capability
[    6.739482] clocksource: jiffies: mask: 0xffffffff max_cycles: 0xffffffff, max_idle_ns: 7645041785100000 ns
[    6.741047] futex hash table entries: 512 (order: 3, 32768 bytes)
[    6.750453] pinctrl core: initialized pinctrl subsystem
[    6.751392] RTC time:  0:23:05, date: 12/29/17
[    6.755298] NET: Registered protocol family 16
[    6.766126] cpuidle: using governor ladder
[    6.778125] cpuidle: using governor menu
[    6.778867] PCCT header not found.
[    6.779527] ACPI: bus type PCI registered
[    6.780238] acpiphp: ACPI Hot Plug PCI Controller Driver version: 0.5
[    6.781322] PCI: Using configuration type 1 for base access
[    6.886714] ACPI: Added _OSI(Module Device)
[    6.887416] ACPI: Added _OSI(Processor Device)
[    6.888164] ACPI: Added _OSI(3.0 _SCP Extensions)
[    6.996987] ACPI: Added _OSI(Processor Aggregator Device)
[    6.998458] ACPI: Executed 1 blocks of module-level executable AML code
[    7.001159] ACPI: Interpreter enabled
[    7.001828] ACPI: (supports S0 S5)
[    7.025919] ACPI: Using IOAPIC for interrupt routing
[    7.167660] PCI: Using host bridge windows from ACPI; if necessary, use "pci=nocrs" and report a bug
[    7.180180] ACPI: PCI Root Bridge [PCI0] (domain 0000 [bus 00-ff])
[    7.181154] acpi PNP0A03:00: _OSC: OS supports [ASPM ClockPM Segments MSI]
[    7.182222] acpi PNP0A03:00: _OSC: not requesting OS control; OS requires [ExtendedConfig ASPM ClockPM MSI]
[    7.205819] acpi PNP0A03:00: fail to add MMCONFIG information, can't access extended PCI configuration space under this bridge.
[    7.219640] PCI host bridge to bus 0000:00
[    7.220341] pci_bus 0000:00: root bus resource [io  0x0000-0x0cf7 window]
[    7.221378] pci_bus 0000:00: root bus resource [io  0x0d00-0xffff window]
[    7.226937] pci_bus 0000:00: root bus resource [mem 0x000a0000-0x000bffff window]
[    7.231369] pci_bus 0000:00: root bus resource [mem 0x40000000-0xffdfffff window]
[    7.280226] pci_bus 0000:00: root bus resource [bus 00-ff]
[    7.361836] pci 0000:00:01.1: legacy IDE quirk: reg 0x10: [io  0x01f0-0x01f7]
[    7.362929] pci 0000:00:01.1: legacy IDE quirk: reg 0x14: [io  0x03f6]
[    7.510050] pci 0000:00:01.1: legacy IDE quirk: reg 0x18: [io  0x0170-0x0177]
[    7.539718] pci 0000:00:01.1: legacy IDE quirk: reg 0x1c: [io  0x0376]
[    7.551112] pci 0000:00:07.0: quirk: [io  0x4000-0x403f] claimed by PIIX4 ACPI
[    7.564400] pci 0000:00:07.0: quirk: [io  0x4100-0x410f] claimed by PIIX4 SMB
[    7.591460] ACPI: PCI Interrupt Link [LNKA] (IRQs 5 9 10 *11)
[    7.747076] ACPI: PCI Interrupt Link [LNKB] (IRQs 5 9 10 *11)
[    7.829228] ACPI: PCI Interrupt Link [LNKC] (IRQs 5 9 *10 11)
[    7.830552] ACPI: PCI Interrupt Link [LNKD] (IRQs 5 *9 10 11)
[    7.831925] ACPI: Enabled 2 GPEs in block 00 to 07
[    7.832986] vgaarb: setting as boot device: PCI:0000:00:02.0
[    7.833885] vgaarb: device added: PCI:0000:00:02.0,decodes=io+mem,owns=io+mem,locks=none
[    7.835273] vgaarb: loaded
[    7.835822] vgaarb: bridge control possible 0000:00:02.0
[    7.870746] SCSI subsystem initialized
[    7.949635] ACPI: bus type USB registered
[    7.970951] usbcore: registered new interface driver usbfs
[    7.971837] usbcore: registered new interface driver hub
[    7.972718] usbcore: registered new device driver usb
[    7.973827] PCI: Using ACPI for IRQ routing
[    7.974801] NetLabel: Initializing
[    7.975420] NetLabel:  domain hash size = 128
[    7.976146] NetLabel:  protocols = UNLABELED CIPSOv4
[    7.976984] NetLabel:  unlabeled traffic allowed by default
[    7.983515] amd_nb: Cannot enumerate AMD northbridges
[    7.984383] clocksource: Switched to clocksource kvm-clock
[    7.990190] AppArmor: AppArmor Filesystem Enabled
[    8.006991] pnp: PnP ACPI init
[    8.008403] pnp: PnP ACPI: found 3 devices
[    8.017285] clocksource: acpi_pm: mask: 0xffffff max_cycles: 0xffffff, max_idle_ns: 2085701024 ns
[    8.018850] NET: Registered protocol family 2
[    8.037683] TCP established hash table entries: 8192 (order: 4, 65536 bytes)
[    8.172951] TCP bind hash table entries: 8192 (order: 5, 131072 bytes)
[    8.173985] TCP: Hash tables configured (established 8192 bind 8192)
[    8.174974] UDP hash table entries: 512 (order: 2, 16384 bytes)
[    8.175891] UDP-Lite hash table entries: 512 (order: 2, 16384 bytes)
[    8.176915] NET: Registered protocol family 1
[    8.177650] pci 0000:00:00.0: Limiting direct PCI/PCI transfers
[    8.178629] pci 0000:00:01.0: Activating ISA DMA hang workarounds
[    8.179881] Unpacking initramfs...
[    8.349896] Freeing initrd memory: 15228K
[    8.466733] RAPL PMU detected, API unit is 2^-32 Joules, 3 fixed counters 10737418240 ms ovfl timer
[    8.681463] hw unit of domain pp0-core 2^-0 Joules
[    8.752680] hw unit of domain package 2^-0 Joules
[    8.875652] hw unit of domain pp1-gpu 2^-0 Joules
[    8.994774] platform rtc_cmos: registered platform RTC device (no PNP device found)
[    9.239493] Scanning for low memory corruption every 60 seconds
[    9.246239] audit: initializing netlink subsys (disabled)
[    9.247125] audit: type=2000 audit(1514506984.540:1): initialized
[    9.248301] Initialise system trusted keyring
[    9.249264] HugeTLB registered 2 MB page size, pre-allocated 0 pages
[    9.251333] zbud: loaded
[    9.252135] VFS: Disk quotas dquot_6.6.0
[    9.261576] VFS: Dquot-cache hash table entries: 512 (order 0, 4096 bytes)
[    9.290814] squashfs: version 4.0 (2009/01/31) Phillip Lougher
[    9.354562] fuse init (API version 7.23)
[    9.355422] Key type big_key registered
[    9.356112] Allocating IMA MOK and blacklist keyrings.
[    9.429973] Key type asymmetric registered
[    9.533726] Asymmetric key parser 'x509' registered
[    9.686841] Block layer SCSI generic (bsg) driver version 0.4 loaded (major 249)
[    9.858692] io scheduler noop registered
[    9.859379] io scheduler deadline registered (default)
[    9.860245] io scheduler cfq registered
[    9.861039] pci_hotplug: PCI Hot Plug PCI Core version: 0.5
[    9.861916] pciehp: PCI Express Hot Plug Controller Driver version: 0.4
[    9.863064] ACPI: AC Adapter [AC] (on-line)
[    9.863800] input: Power Button as /devices/LNXSYSTM:00/LNXPWRBN:00/input/input0
[    9.865059] ACPI: Power Button [PWRF]
[    9.868644] input: Sleep Button as /devices/LNXSYSTM:00/LNXSLPBN:00/input/input1
[    9.869916] ACPI: Sleep Button [SLPF]
[    9.870742] GHES: HEST is not enabled!
[    9.871554] Serial: 8250/16550 driver, 32 ports, IRQ sharing enabled
[    9.901675] 00:02: ttyS0 at I/O 0x3f8 (irq = 4, base_baud = 115200) is a 16550A
[   10.119719] tsc: Refined TSC clocksource calibration: 3392.988 MHz
[   10.120706] clocksource: tsc: mask: 0xffffffffffffffff max_cycles: 0x30e86e6ce1c, max_idle_ns: 440795207540 ns
[   10.121641] Linux agpgart interface v0.103
[   10.308841] loop: module loaded
[   10.310035] scsi host0: ata_piix
[   10.310745] scsi host1: ata_piix
[   10.311384] ata1: PATA max UDMA/33 cmd 0x1f0 ctl 0x3f6 bmdma 0xd000 irq 14
[   10.312424] ata2: PATA max UDMA/33 cmd 0x170 ctl 0x376 bmdma 0xd008 irq 15
[   10.328505] libphy: Fixed MDIO Bus: probed
[   10.329288] tun: Universal TUN/TAP device driver, 1.6
[   10.331248] tun: (C) 1999-2004 Max Krasnyansky <maxk@qualcomm.com>
[   10.355632] PPP generic driver version 2.4.2
[   10.357798] ehci_hcd: USB 2.0 'Enhanced' Host Controller (EHCI) Driver
[   10.358799] ehci-pci: EHCI PCI platform driver
[   10.359564] ehci-platform: EHCI generic platform driver
[   10.363220] ohci_hcd: USB 1.1 'Open' Host Controller (OHCI) Driver
[   10.364180] ohci-pci: OHCI PCI platform driver
[   10.366439] ohci-platform: OHCI generic platform driver
[   10.367291] uhci_hcd: USB Universal Host Controller Interface driver
[   10.368310] i8042: PNP: PS/2 Controller [PNP0303:PS2K,PNP0f03:PS2M] at 0x60,0x64 irq 1,12
[   10.370203] serio: i8042 KBD port at 0x60,0x64 irq 1
[   10.371043] serio: i8042 AUX port at 0x60,0x64 irq 12
[   10.371944] mousedev: PS/2 mouse device common for all mice
[   10.373210] rtc_cmos rtc_cmos: rtc core: registered rtc_cmos as rtc0
[   10.374233] rtc_cmos rtc_cmos: alarms up to one day, 114 bytes nvram
[   10.375205] i2c /dev entries driver
[   10.375945] input: AT Translated Set 2 keyboard as /devices/platform/i8042/serio0/input/input2
[   10.377435] device-mapper: uevent: version 1.0.3
[   10.378318] device-mapper: ioctl: 4.34.0-ioctl (2015-10-28) initialised: dm-devel@redhat.com
[   10.379705] ledtrig-cpu: registered to indicate activity on CPUs
[   10.388718] NET: Registered protocol family 10
[   10.389664] NET: Registered protocol family 17
[   10.390452] Key type dns_resolver registered
[   10.391332] microcode: CPU0 sig=0x306a9, pf=0x2, revision=0x19
[   10.392267] microcode: CPU1 sig=0x306a9, pf=0x2, revision=0x19
[   10.394487] microcode: Microcode Update Driver: v2.01 <tigran@aivazian.fsnet.co.uk>, Peter Oruba
[   10.396195] registered taskstats version 1
[   10.396937] Loading compiled-in X.509 certificates
[   10.398322] Loaded X.509 cert 'Build time autogenerated kernel key: 8537ad706776f532219d7336343c968b9f82f7c7'
[   10.399895] zswap: loaded using pool lzo/zbud
[   10.402002] Key type trusted registered
[   10.404935] Key type encrypted registered
[   10.405665] AppArmor: AppArmor sha1 policy hashing enabled
[   10.406548] ima: No TPM chip found, activating TPM-bypass!
[   10.407423] evm: HMAC attrs: 0x1
[   10.408272]   Magic number: 13:37:356
[   10.408964] input event2: hash matches
[   10.409714] rtc_cmos rtc_cmos: setting system clock to 2017-12-29 00:23:08 UTC (1514506988)
[   10.535912] BIOS EDD facility v0.16 2004-Jun-25, 0 devices found
[   10.541109] EDD information not available.
[   10.542973] Freeing unused kernel memory: 1492K
[   10.543723] Write protecting the kernel read-only data: 14336k
[   10.545102] Freeing unused kernel memory: 1744K
[   10.546113] Freeing unused kernel memory: 108K
Loading, please wait...
starting version[   10.555937] random: systemd-udevd: uninitialized urandom read (16 bytes read, 2 bits of entropy available)
 229
[   10.556266] random: udevadm: uninitialized urandom read (16 bytes read, 2 bits of entropy available)
[   10.556279] random: udevadm: uninitialized urandom read (16 bytes read, 2 bits of entropy available)
[   10.561822] random: udevadm: uninitialized urandom read (16 bytes read, 2 bits of entropy available)
[   10.561848] random: udevadm: uninitialized urandom read (16 bytes read, 2 bits of entropy available)
[   10.561936] random: udevadm: uninitialized urandom read (16 bytes read, 2 bits of entropy available)
[   10.561970] random: udevadm: uninitialized urandom read (16 bytes read, 2 bits of entropy available)
[   10.562006] random: udevadm: uninitialized urandom read (16 bytes read, 2 bits of entropy available)
[   10.562074] random: udevadm: uninitialized urandom read (16 bytes read, 2 bits of entropy available)
[   10.562113] random: udevadm: uninitialized urandom read (16 bytes read, 2 bits of entropy available)
[   10.646196] Fusion MPT base driver 3.04.20
[   10.682674] Copyright (c) 1999-2008 LSI Corporation
[   10.683655] e1000: Intel(R) PRO/1000 Network Driver - version 7.3.21-k8-NAPI
[   10.684757] e1000: Copyright (c) 1999-2006 Intel Corporation.
[   10.707081] AVX version of gcm_enc/dec engaged.
[   10.713796] AES CTR mode by8 optimization enabled
[   10.718400] Fusion MPT SPI Host driver 3.04.20
[   10.918768] input: ImExPS/2 Generic Explorer Mouse as /devices/platform/i8042/serio1/input/input4
[   11.052214] e1000 0000:00:03.0 eth0: (PCI:33MHz:32-bit) 02:63:8e:2c:ef:cd
[   11.265506] e1000 0000:00:03.0 eth0: Intel(R) PRO/1000 Network Connection
[   11.380036] e1000 0000:00:03.0 enp0s3: renamed from eth0
[   11.380719] mptbase: ioc0: Initiating bringup
[   11.513073] ioc0: LSI53C1030 A0: Capabilities={Initiator}
[   11.735913] scsi host2: ioc0: LSI53C1030 A0, FwRev=00000000h, Ports=1, MaxQ=256, IRQ=20
[   12.049345] scsi 2:0:0:0: Direct-Access     VBOX     HARDDISK         1.0  PQ: 0 ANSI: 5
[   12.246463] scsi target2:0:0: Beginning Domain Validation
[   12.419420] scsi target2:0:0: Domain Validation skipping write tests
[   12.436130] scsi target2:0:0: Ending Domain Validation
[   12.437087] scsi target2:0:0: asynchronous
[   12.438403] scsi 2:0:1:0: Direct-Access     VBOX     HARDDISK         1.0  PQ: 0 ANSI: 5
[   12.449672] scsi target2:0:1: Beginning Domain Validation
[   12.453969] scsi target2:0:1: Domain Validation skipping write tests
[   12.454925] scsi target2:0:1: Ending Domain Validation
[   12.455776] scsi target2:0:1: asynchronous
[   12.461241] sd 2:0:0:0: Attached scsi generic sg0 type 0
[   12.468288] sd 2:0:0:0: [sda] 20971520 512-byte logical blocks: (10.7 GB/10.0 GiB)
[   12.469930] sd 2:0:0:0: [sda] Write Protect is off
[   12.470879] sd 2:0:0:0: [sda] Incomplete mode parameter data
[   12.473276] sd 2:0:0:0: [sda] Assuming drive cache: write through
[   12.473407] sd 2:0:1:0: [sdb] 20480 512-byte logical blocks: (10.5 MB/10.0 MiB)
[   12.473505] sd 2:0:1:0: [sdb] Write Protect is off
[   12.473571] sd 2:0:1:0: [sdb] Incomplete mode parameter data
[   12.473572] sd 2:0:1:0: [sdb] Assuming drive cache: write through
[   12.478304] sd 2:0:1:0: Attached scsi generic sg1 type 0
[   12.497567]  sda: sda1
[   12.498420] sd 2:0:1:0: [sdb] Attached SCSI disk
[   12.500704] sd 2:0:0:0: [sda] Attached SCSI disk
[   13.690652] floppy0: no floppy controllers found
Begin: Loading e[   15.007070] md: linear personality registered for level -1
ssential drivers[   15.140063] md: multipath personality registered for level -4
 ... [   15.318431] md: raid0 personality registered for level 0
[   15.465640] md: raid1 personality registered for level 1
[   15.668711] raid6: sse2x1   gen()  9737 MB/s
[   15.836744] raid6: sse2x1   xor()  7641 MB/s
[   15.932743] raid6: sse2x2   gen() 12342 MB/s
[   16.124396] raid6: sse2x2   xor()  8692 MB/s
[   16.324772] raid6: sse2x4   gen() 14683 MB/s
[   16.468817] raid6: sse2x4   xor() 10454 MB/s
[   16.581613] raid6: using algorithm sse2x4 gen() 14683 MB/s
[   16.687208] raid6: .... xor() 10454 MB/s, rmw enabled
[   16.701422] raid6: using ssse3x2 recovery algorithm
[   16.710071] xor: automatically using best checksumming function:
[   16.864877]    avx       : 22306.000 MB/sec
[   16.979300] async_tx: api initialized (async)
[   17.093582] md: raid6 personality registered for level 6
[   17.253249] md: raid5 personality registered for level 5
[   17.430307] md: raid4 personality registered for level 4
[   17.604670] md: raid10 personality registered for level 10
done.
Begin: Running /scripts/init-premount ... done.
Begin: Mounting root file[   17.743009] Btrfs loaded
 system ... Begin: Running /scripts/local-top ... done.
Begin: Running /scripts/local-premount ... Scanning for Btrfs filesystems
done.
Warning: fsck no[   17.778121] EXT4-fs (sda1): INFO: recovery required on readonly filesystem
t present, so skipping root file system
[   17.781337] EXT4-fs (sda1): write access will be enabled during recovery
[   17.965600] EXT4-fs (sda1): recovery complete
[   18.096490] EXT4-fs (sda1): mounted filesystem with ordered data mode. Opts: (null)
done.
Begin: Running /scripts/local-bottom ... done.
Begin: Running /scripts/init-bottom ... done.
[   18.956256] systemd[1]: systemd 229 running in system mode. (+PAM +AUDIT +SELINUX +IMA +APPARMOR +SMACK +SYSVINIT +UTMP +LIBCRYPTSETUP +GCRYPT +GNUTLS +ACL +XZ -LZ4 +SECCOMP +BLKID +ELFUTILS +KMOD -IDN)
[   19.446736] systemd[1]: Detected virtualization oracle.
[   19.601576] systemd[1]: Detected architecture x86-64.

Welcome to [1mUbuntu 16.04.3 LTS[0m!

[   19.788812] systemd[1]: Set hostname to <ubuntu-xenial>.
[   19.853384] random: nonblocking pool is initialized
[   20.512249] systemd[1]: Listening on Syslog Socket.
[[0;32m  OK  [0m] Listening on Syslog Socket.
[   20.567819] systemd[1]: Listening on Journal Socket (/dev/log).
[[0;32m  OK  [0m] Listening on Journal Socket (/dev/log).
[   20.587007] systemd[1]: Listening on /dev/initctl Compatibility Named Pipe.
[[0;32m  OK  [0m] Listening on /dev/initctl Compatibility Named Pipe.
[   20.589097] systemd[1]: Started Trigger resolvconf update for networkd DNS.
[[0;32m  OK  [0m] Started Trigger resolvconf update for networkd DNS.
[   20.603442] systemd[1]: Listening on LVM2 metadata daemon socket.
[[0;32m  OK  [0m] Listening on LVM2 metadata daemon socket.
[   20.672726] systemd[1]: Listening on Device-mapper event daemon FIFOs.
[[0;32m  OK  [0m] Listening on Device-mapper event daemon FIFOs.
[   20.861698] systemd[1]: Created slice System Slice.
[[0;32m  OK  [0m] Created slice System Slice.
[   20.915725] systemd[1]: Set up automount Arbitrary Executable File Formats File System Automount Point.
[[0;32m  OK  [0m] Set up automount Arbitrary Executab...ats File System Automount Point.
[   21.017312] systemd[1]: Listening on Journal Socket.
[[0;32m  OK  [0m] Listening on Journal Socket.
[   21.197136] systemd[1]: Starting Load Kernel Modules...
         Startin[   21.283941] Loading iSCSI transport class v2.0-870.
g Load Kernel Modules...
[   21.397731] systemd[1]: Starting Remount Root and Kernel File Systems...
         Starting Remount Root and Kernel File Systems...
[   21.400247] systemd[1]: Mounting POSIX Message Queue File System...
         Mounting POSIX Message Queue File System...
[   21.404088] systemd[1]: Starting Monitoring of LVM2 mirrors, snapshots etc. using dmeventd or progress polling...
         Starting Monitoring of LVM2 mirrors... dmeventd or progress polling...
[   21.410102] systemd[1]: Starting Nameserver information manager...
         Starting Nameserver information manager...
[   21.412284] systemd[1]: Mounting Huge Pages File System...
         Mounting Huge Pages File System...
[   21.414390] systemd[1]: Starting Create list of required static device nodes for the current kernel...
         Starting Create list of required st... nodes for the cu[   21.440133] iscsi: registered transport (tcp)
rrent kernel...
[   21.606182] systemd[1]: Reached target User and Group Name Lookups.
[[0;32m  OK  [0m] Reached targ[   21.676842] EXT4-fs (sda1): re-mounted. Opts: (null)
et User and Group Name Lookups.
[   21.729685] systemd[1]: Created slice system-serial\x2dgetty.slice.
[[0;32m  OK  [0m] Created slice system-serial\x2dgetty.slice.
[   21.733177] systemd[1]: Reached target Encrypted Volumes.
[[0;32m  OK  [0m] Reached target Encrypted Volumes.
[   21.734855] systemd[1]: Listening on udev Kernel Socket.
[[0;32m  OK  [0m] Listening on udev Kernel Socket.
[   21.736529] systemd[1]: Reached target Swap.
[[0;32m  OK  [0m] Reached target Swap.
[   21.762918] iscsi: registered transport (iser)
[   21.772578] systemd[1]: Mounting Debug File System...
         Mounting Debug File System...
[   21.844826] systemd[1]: Listening on udev Control Socket.
[[0;32m  OK  [0m] Listening on udev Control Socket.
[   21.952016] systemd[1]: Created slice User and Session Slice.
[[0;32m  OK  [0m] Created slice User and Session Slice.
[   21.991052] systemd[1]: Reached target Slices.
[[0;32m  OK  [0m] Reached target Slices.
[   22.016695] systemd[1]: Starting Set console keymap...
         Starting Set console keymap...
[   22.176766] systemd[1]: Listening on Journal Audit Socket.
[[0;32m  OK  [0m] Listening on Journal Audit Socket.
[   22.178945] systemd[1]: Starting Journal Service...
         Starting Journal Service...
[   22.229019] systemd[1]: Listening on LVM2 poll daemon socket.
[[0;32m  OK  [0m] Listening on LVM2 poll daemon socket.
[   22.336777] systemd[1]: Started Forward Password Requests to Wall Directory Watch.
[[0;32m  OK  [0m] Started Forward Password Requests to Wall Directory Watch.
[   22.616791] systemd[1]: Starting Uncomplicated firewall...
         Starting Uncomplicated firewall...
[   22.703335] systemd[1]: Mounted POSIX Message Queue File System.
[[0;32m  OK  [0m] Mounted POSIX Message Queue File System.
[   22.933261] systemd[1]: Mounted Debug File System.
[[0;32m  OK  [0m] Mounted Debug File System.
[   22.934884] systemd[1]: Mounted Huge Pages File System.
[[0;32m  OK  [0m] Mounted Huge Pages File System.
[   22.936658] systemd[1]: Started Journal Service.
[[0;32m  OK  [0m] Started Journal Service.
[[0;32m  OK  [0m] Started Load Kernel Modules.
[[0;32m  OK  [0m] Started Remount Root and Kernel File Systems.
[[0;32m  OK  [0m] Started Create list of required sta...ce nodes for the current kernel.
[[0;32m  OK  [0m] Started Set console keymap.
[[0;32m  OK  [0m] Started Uncomplicated firewall.
[[0;32m  OK  [0m] Started Nameserver information manager.
[[0;32m  OK  [0m] Started LVM2 metadata daemon.
         Starting Create Static Device Nodes in /dev...
         Starting udev Coldplug all Devices...
         Starting Load/Save Random Seed...
         Starting Initial cloud-init job (pre-networking)...
         Mounting FUSE Control File System...
         Starting Apply Kernel Variables...
         Starting Flush Journal to Persistent Storage...
[[0;32m  OK  [0m] Mounted FUSE Control File System.
[[0;32m  OK  [0m] Started Monitoring of LVM2 mirrors,...ng dmeventd or progress polling.
[[0;32m  OK  [0m] Started Create Static Device Nodes in /dev.
[[0;32m  OK  [0m] Started Load/Save Random Seed.
[[0;32m  OK  [0m] Started Apply Kernel Variables.
[[0;32m  OK  [0m] Started udev Coldplug all Devices.
         Starting udev Kernel Device Manager...
[[0;32m  OK  [0m] Started Flush Journal to Persistent Storage.
[[0;32m  OK  [0m] Started udev Kernel Device Manager.
[[0;32m  OK  [0m] Started Dispatch Password Requests to Console Directory Watch.
[[0;32m  OK  [0m] Reached target Local File Systems (Pre).
[[0;32m  OK  [0m] Reached target Local File Systems.
         Starting Tell Plymouth To Write Out Runtime Data...
         Starting LSB: AppArmor initialization...
         Starting Set console font and keymap...
         Starting Create Volatile Files and Directories...
[[0;32m  OK  [0m] Started Tell Plymouth To Write Out Runtime Data.
[[0;32m  OK  [0m] Found device /dev/ttyS0.
[[0;32m  OK  [0m] Started Create Volatile Files and Directories.
[[0;32m  OK  [0m] Reached target System Time Synchronized.
         Starting Update UTMP about System Boot/Shutdown...
[[0;32m  OK  [0m] Started Update UTMP about System Boot/Shutdown.
[[0;32m  OK  [0m] Found device 82540EM Gigabit Ethern...r (PRO/1000 MT Desktop Adapter).
[[0;32m  OK  [0m] Started Set console font and keymap.
[[0;32m  OK  [0m] Listening on Load/Save RF Kill Switch Status /dev/rfkill Watch.
[[0;32m  OK  [0m] Created slice system-getty.slice.
[[0;32m  OK  [0m] Started LSB: AppArmor initialization.
[   19.563476] cloud-init[461]: Cloud-init v. 17.1 running 'init-local' at Fri, 29 Dec 2017 00:23:24 +0000. Up 19.03 seconds.
[[0;32m  OK  [0m] Started Initial cloud-init job (pre-networking).
[[0;32m  OK  [0m] Reached target Network (Pre).
[[0;32m  OK  [0m] Started ifup for enp0s3.
         Starting Raise network interfaces...
[[0;32m  OK  [0m] Started Raise network interfaces.
[[0;32m  OK  [0m] Reached target Network.
         Starting Initial cloud-init job (metadata service crawler)...
[   20.943541] cloud-init[971]: Cloud-init v. 17.1 running 'init' at Fri, 29 Dec 2017 00:23:26 +0000. Up 20.28 seconds.
[   21.073025] cloud-init[971]: ci-info: +++++++++++++++++++++++++++++++++++++Net device info++++++++++++++++++++++++++++++++++++++
[   21.073596] cloud-init[971]: ci-info: +--------+------+----------------------------+---------------+-------+-------------------+
[[0;32m  OK  [0m] Started Initial cloud-init job (metadata service crawler).
[   21.073846] cloud-init[971]: ci-info: | Device |  Up  |          Address           |      Mask     | Scope |     Hw-Address    |
[   21.237299] cloud-init[971]: ci-info: +--------+------+----------------------------+---------------+-------+-------------------+
[   21.237528] cloud-init[971]: ci-info: | enp0s3 | True |         10.0.2.15          | 255.255.255.0 |   .   | 02:63:8e:2c:ef:cd |
[[0;32m  OK  [0m] Reached target Cloud-config availability.
[   21.237638] cloud-init[971]: ci-info: | enp0s3 | True | fe80::63:8eff:fe2c:efcd/64 |       .       |  link | 02:63:8e:2c:ef:cd |
[   21.306026] cloud-init[971]: ci-info: |   lo   | True |         127.0.0.1          |   255.0.0.0   |   .   |         .         |
[   21.306108] cloud-init[971]: ci-info: |   lo   | True |          ::1/128           |       .       |  host |         .         |
[   21.306226] cloud-init[971]: ci-info: +--------+------+----------------------------+---------------+-------+-------------------+
[   21.306350] cloud-init[971]: ci-info: +++++++++++++++++++++++++++Route IPv4 info++++++++++++++++++++++++++++
[   21.306484] cloud-init[971]: ci-info: +-------+-------------+----------+---------------+-----------+-------+
[   21.306604] cloud-init[971]: ci-info: | Route | Destination | Gateway  |    Genmask    | Interface | Flags |
[   21.306751] cloud-init[971]: ci-info: +-------+-------------+----------+---------------+-----------+-------+
[   21.306872] cloud-init[971]: ci-info: |   0   |   0.0.0.0   | 10.0.2.2 |    0.0.0.0    |   enp0s3  |   UG  |
[   21.307006] cloud-init[971]: ci-info: |   1   |   10.0.2.0  | 0.0.0.0  | 255.255.255.0 |   enp0s3  |   U   |
[   21.307122] cloud-init[971]: ci-info: +-------+-------------+----------+---------------+-----------+-------+
[[0;32m  OK  [0m] Reached target System Initialization.
         Starting Socket activation for snappy daemon.
[[0;32m  OK  [0m] Started Daily Cleanup of Temporary Directories.
[[0;32m  OK  [0m] Listening on ACPID Listen Socket.
[[0;32m  OK  [0m] Started Timer to automatically refresh installed snaps.
[[0;32m  OK  [0m] Listening on D-Bus System Message Bus Socket.
[[0;32m  OK  [0m] Listening on UUID daemon activation socket.
[[0;32m  OK  [0m] Started ACPI Events Check.
[[0;32m  OK  [0m] Reached target Paths.
         Starting LXD - unix socket.
[[0;32m  OK  [0m] Reached target Network is Online.
[[0;32m  OK  [0m] Started Daily apt download activities.
[[0;32m  OK  [0m] Started Daily apt upgrade and clean activities.
[[0;32m  OK  [0m] Reached target Timers.
         Starting iSCSI initiator daemon (iscsid)...
[[0;32m  OK  [0m] Listening on Socket activation for snappy daemon.
[[0;32m  OK  [0m] Listening on LXD - unix socket.
[[0;32m  OK  [0m] Reached target Sockets.
[[0;32m  OK  [0m] Reached target Basic System.
[[0;32m  OK  [0m] Started ACPI event daemon.
[[0;32m  OK  [0m] Started D-Bus System Message Bus.
         Starting Login Service...
         Starting /etc/rc.local Compatibility...
         Starting OpenBSD Secure Shell server...
         Starting LSB: Record successful boot for GRUB...
[[0;32m  OK  [0m] Started Regular background program processing daemon.
[[0;32m  OK  [0m] Started Deferred execution scheduler.
[[0;32m  OK  [0m] Started Unattended Upgrades Shutdown.
         Starting System Logging Service...
         Starting Apply the settings specified in cloud-config...
         Starting LXD - container startup/shutdown...
[[0;32m  OK  [0m] Started FUSE filesystem for LXC.
         Starting LSB: MD monitoring daemon...
         Starting Accounts Service...
         Starting Snappy daemon...
[[0;32m  OK  [0m] Started iSCSI initiator daemon (iscsid).
[[0;32m  OK  [0m] Started /etc/rc.local Compatibility.
[[0;32m  OK  [0m] Started System Logging Service.
[[0;32m  OK  [0m] Started OpenBSD Secure Shell server.
         Starting Login to default iSCSI targets...
[[0;32m  OK  [0m] Started Login Service.
[[0;32m  OK  [0m] Started Login to default iSCSI targets.
[[0;32m  OK  [0m] Started LSB: MD monitoring daemon.
[   22.745029] cloud-init[1051]: Cloud-init v. 17.1 running 'modules:config' at Fri, 29 Dec 2017 00:23:27 +0000. Up 22.20 seconds.
[[0;32m  OK  [0m] Reached target Remote File Systems (Pre).
[[0;32m  OK  [0m] Reached target Remote File Systems.
         Starting Permit User Sessions...
         Starting LSB: Set the CPU Frequency Scaling governor to "ondemand"...
         Starting LSB: daemon to balance interrupts for SMP systems...
         Starting LSB: automatic crash report generation...
         Starting LSB: VirtualBox Linux Additions...
[[0;32m  OK  [0m] Started LSB: Record successful boot for GRUB.
[[0;32m  OK  [0m] Started Apply the settings specified in cloud-config.
[[0;32m  OK  [0m] Started Permit User Sessions.
[[0;32m  OK  [0m] Started LSB: Set the CPU Frequency Scaling governor to "ondemand".
         Starting Hold until boot process finishes up...
         Starting Terminate Plymouth Boot Screen...
[[0;32m  OK  [0m] Started LSB: automatic crash report generation.
[[0;32m  OK  [0m] Started LSB: daemon to balance interrupts for SMP systems.
[[0;32m  OK  [0m] Started Hold until boot process finishes up.
[[0;32m  OK  [0m] Started Terminate Plymouth Boot Screen.
         Starting Set console scheme...
[[0;32m  OK  [0m] Started Serial Getty on ttyS0.
[[0;32m  OK  [0m] Started Getty on tty1.
[[0;32m  OK  [0m] Reached target Login Prompts.
[[0;32m  OK  [0m] Started Set console scheme.
         Starting Authenticate and Authorize Users to Run Privileged Tasks...
[[0;32m  OK  [0m] Created slice User Slice of ubuntu.
[[0;32m  OK  [0m] Started Session 1 of user ubuntu.
         Starting User Manager for UID 1000...
[[0;32m  OK  [0m] Started LSB: VirtualBox Linux Additions.
[[0;32m  OK  [0m] Started Authenticate and Authorize Users to Run Privileged Tasks.
[[0;32m  OK  [0m] Started Accounts Service.
[[0;32m  OK  [0m] Started User Manager for UID 1000.
[[0;32m  OK  [0m] Started Snappy daemon.
[[0;32m  OK  [0m] Started LXD - container startup/shutdown.
[[0;32m  OK  [0m] Reached target Multi-User System.
[[0;32m  OK  [0m] Reached target Graphical Interface.
         Starting Update UTMP about System Runlevel Changes...
         Starting Execute cloud user/final scripts...
[[0;32m  OK  [0m] Started Update UTMP about System Runlevel Changes.
[   25.209730] cloud-init[1255]: Cloud-init v. 17.1 running 'modules:final' at Fri, 29 Dec 2017 00:23:30 +0000. Up 25.00 seconds.
[   25.294641] cloud-init[1255]: Cloud-init v. 17.1 finished at Fri, 29 Dec 2017 00:23:30 +0000. Datasource DataSourceNoCloud [seed=/dev/sdb][dsmode=net].  Up 25.19 seconds
[[0;32m  OK  [0m] Started Execute cloud user/final scripts.
[[0;32m  OK  [0m] Reached target Cloud-init target.
         Starting Daily apt download activities...

Ubuntu 16.04.3 LTS ubuntu-xenial ttyS0

ubuntu-xenial login: 